\BOOKMARK [1][-]{section.1}{Introduction}{}% 1
\BOOKMARK [2][-]{subsection.1.1}{Purpose}{section.1}% 2
\BOOKMARK [2][-]{subsection.1.2}{Scope}{section.1}% 3
\BOOKMARK [2][-]{subsection.1.3}{Definitions, Acronyms, Abbreviations}{section.1}% 4
\BOOKMARK [2][-]{subsection.1.4}{Reference Documents}{section.1}% 5
\BOOKMARK [2][-]{subsection.1.5}{Document Structure}{section.1}% 6
\BOOKMARK [1][-]{section.2}{Architectural Design}{}% 7
\BOOKMARK [2][-]{subsection.2.1}{Overview}{section.2}% 8
\BOOKMARK [2][-]{subsection.2.2}{High level components and their interaction}{section.2}% 9
\BOOKMARK [2][-]{subsection.2.3}{Component View}{section.2}% 10
\BOOKMARK [3][-]{subsubsection.2.3.1}{Client Application}{subsection.2.3}% 11
\BOOKMARK [3][-]{subsubsection.2.3.2}{Web Server}{subsection.2.3}% 12
\BOOKMARK [3][-]{subsubsection.2.3.3}{API}{subsection.2.3}% 13
\BOOKMARK [3][-]{subsubsection.2.3.4}{Authentication Manager}{subsection.2.3}% 14
\BOOKMARK [3][-]{subsubsection.2.3.5}{Request Manager}{subsection.2.3}% 15
\BOOKMARK [3][-]{subsubsection.2.3.6}{Zone Manger}{subsection.2.3}% 16
\BOOKMARK [3][-]{subsubsection.2.3.7}{Taxi Manager}{subsection.2.3}% 17
\BOOKMARK [3][-]{subsubsection.2.3.8}{Account Manager}{subsection.2.3}% 18
\BOOKMARK [3][-]{subsubsection.2.3.9}{Administration Manager}{subsection.2.3}% 19
\BOOKMARK [3][-]{subsubsection.2.3.10}{Notification Manager}{subsection.2.3}% 20
\BOOKMARK [3][-]{subsubsection.2.3.11}{Data Model}{subsection.2.3}% 21
\BOOKMARK [3][-]{subsubsection.2.3.12}{Database Manager}{subsection.2.3}% 22
\BOOKMARK [2][-]{subsection.2.4}{Deployment View}{section.2}% 23
\BOOKMARK [2][-]{subsection.2.5}{Runtime View}{section.2}% 24
\BOOKMARK [3][-]{subsubsection.2.5.1}{Overview}{subsection.2.5}% 25
\BOOKMARK [3][-]{subsubsection.2.5.2}{BCE}{subsection.2.5}% 26
\BOOKMARK [3][-]{subsubsection.2.5.3}{BCE Passenger}{subsection.2.5}% 27
\BOOKMARK [3][-]{subsubsection.2.5.4}{BCE Taxi Driver}{subsection.2.5}% 28
\BOOKMARK [3][-]{subsubsection.2.5.5}{BCE System Administrator}{subsection.2.5}% 29
\BOOKMARK [3][-]{subsubsection.2.5.6}{Web Component}{subsection.2.5}% 30
\BOOKMARK [3][-]{subsubsection.2.5.7}{Sequence Diagram }{subsection.2.5}% 31
\BOOKMARK [3][-]{subsubsection.2.5.8}{Sequence Diagram Login}{subsection.2.5}% 32
\BOOKMARK [3][-]{subsubsection.2.5.9}{Sequence Diagram Request}{subsection.2.5}% 33
\BOOKMARK [3][-]{subsubsection.2.5.10}{Sequence Diagram Reservation}{subsection.2.5}% 34
\BOOKMARK [3][-]{subsubsection.2.5.11}{Sequence Diagram Reservation Delete}{subsection.2.5}% 35
\BOOKMARK [3][-]{subsubsection.2.5.12}{Sequence Diagram Taxi Request Release}{subsection.2.5}% 36
\BOOKMARK [3][-]{subsubsection.2.5.13}{Security Data Flow}{subsection.2.5}% 37
\BOOKMARK [2][-]{subsection.2.6}{Component Interfaces}{section.2}% 38
\BOOKMARK [3][-]{subsubsection.2.6.1}{User Experience}{subsection.2.6}% 39
\BOOKMARK [3][-]{subsubsection.2.6.2}{UXPassenger}{subsection.2.6}% 40
\BOOKMARK [3][-]{subsubsection.2.6.3}{UXTaxiDriver}{subsection.2.6}% 41
\BOOKMARK [3][-]{subsubsection.2.6.4}{UXSystemAdministrator}{subsection.2.6}% 42
\BOOKMARK [2][-]{subsection.2.7}{Architectural Styles and Patterns}{section.2}% 43
\BOOKMARK [2][-]{subsection.2.8}{Other Design Decisions}{section.2}% 44
\BOOKMARK [2][-]{subsection.2.9}{Implementation Technologies}{section.2}% 45
\BOOKMARK [3][-]{subsubsection.2.9.1}{DataBase Description}{subsection.2.9}% 46
\BOOKMARK [3][-]{subsubsection.2.9.2}{Cardinalities}{subsection.2.9}% 47
\BOOKMARK [3][-]{subsubsection.2.9.3}{Translation to Logical Model}{subsection.2.9}% 48
\BOOKMARK [3][-]{subsubsection.2.9.4}{Logical Scheme}{subsection.2.9}% 49
\BOOKMARK [1][-]{section.3}{Algorithm Design}{}% 50
\BOOKMARK [2][-]{subsection.3.1}{Overview}{section.3}% 51
\BOOKMARK [2][-]{subsection.3.2}{General process}{section.3}% 52
\BOOKMARK [2][-]{subsection.3.3}{Request and Reservation Handling process}{section.3}% 53
\BOOKMARK [2][-]{subsection.3.4}{Taxi Interaction process}{section.3}% 54
\BOOKMARK [2][-]{subsection.3.5}{System Administrator process}{section.3}% 55
\BOOKMARK [1][-]{section.4}{User Interface Design}{}% 56
\BOOKMARK [2][-]{subsection.4.1}{GUI: Login}{section.4}% 57
\BOOKMARK [2][-]{subsection.4.2}{GUI: PasswordReset}{section.4}% 58
\BOOKMARK [2][-]{subsection.4.3}{GUI: Passenger}{section.4}% 59
\BOOKMARK [2][-]{subsection.4.4}{GUI: Requests}{section.4}% 60
\BOOKMARK [2][-]{subsection.4.5}{GUI: Taxi}{section.4}% 61
\BOOKMARK [2][-]{subsection.4.6}{GUI: Administration}{section.4}% 62
\BOOKMARK [1][-]{section.5}{Requirements Traceability}{}% 63
\BOOKMARK [2][-]{subsection.5.1}{Product Functions Requirements}{section.5}% 64
\BOOKMARK [2][-]{subsection.5.2}{Specific Requirements}{section.5}% 65
\BOOKMARK [1][-]{section.6}{References}{}% 66
\BOOKMARK [1][-]{section.7}{Tools and Document Information}{}% 67
\BOOKMARK [2][-]{subsection.7.1}{Tools}{section.7}% 68
\BOOKMARK [2][-]{subsection.7.2}{Work Hours}{section.7}% 69
