\BOOKMARK [1][-]{section.1}{Introduction}{}% 1
\BOOKMARK [2][-]{subsection.1.1}{Revision History}{section.1}% 2
\BOOKMARK [2][-]{subsection.1.2}{Purpose and Scope}{section.1}% 3
\BOOKMARK [3][-]{subsubsection.1.2.1}{Purpose}{subsection.1.2}% 4
\BOOKMARK [3][-]{subsubsection.1.2.2}{Scope}{subsection.1.2}% 5
\BOOKMARK [2][-]{subsection.1.3}{List of Definitions and Abbreviations}{section.1}% 6
\BOOKMARK [2][-]{subsection.1.4}{List of Reference Documents}{section.1}% 7
\BOOKMARK [1][-]{section.2}{Project Size and Cost Estimation}{}% 8
\BOOKMARK [2][-]{subsection.2.1}{Project Size: Function Points}{section.2}% 9
\BOOKMARK [3][-]{subsubsection.2.1.1}{Complexity Weights}{subsection.2.1}% 10
\BOOKMARK [3][-]{subsubsection.2.1.2}{ILF: Internal Logical Files}{subsection.2.1}% 11
\BOOKMARK [3][-]{subsubsection.2.1.3}{EIFs \(External Interface Files\)}{subsection.2.1}% 12
\BOOKMARK [3][-]{subsubsection.2.1.4}{EIs \(External Inputs\)}{subsection.2.1}% 13
\BOOKMARK [3][-]{subsubsection.2.1.5}{EIQs \(External Inquiries\)}{subsection.2.1}% 14
\BOOKMARK [3][-]{subsubsection.2.1.6}{EOs \(External Outputs\)}{subsection.2.1}% 15
\BOOKMARK [3][-]{subsubsection.2.1.7}{UFPs \(Un-adjusted Function-Points\)}{subsection.2.1}% 16
\BOOKMARK [2][-]{subsection.2.2}{Effort and Cost Estimation: COCOMO}{section.2}% 17
\BOOKMARK [3][-]{subsubsection.2.2.1}{Source Lines of Code \(SLOC\)}{subsection.2.2}% 18
\BOOKMARK [3][-]{subsubsection.2.2.2}{Scale Drivers}{subsection.2.2}% 19
\BOOKMARK [3][-]{subsubsection.2.2.3}{Cost Drivers}{subsection.2.2}% 20
\BOOKMARK [3][-]{subsubsection.2.2.4}{Effort Equation}{subsection.2.2}% 21
\BOOKMARK [3][-]{subsubsection.2.2.5}{Schedule Estimation}{subsection.2.2}% 22
\BOOKMARK [1][-]{section.3}{Tasks and Schedule}{}% 23
\BOOKMARK [2][-]{subsection.3.1}{RASD :}{section.3}% 24
\BOOKMARK [2][-]{subsection.3.2}{DD :}{section.3}% 25
\BOOKMARK [2][-]{subsection.3.3}{Planning:}{section.3}% 26
\BOOKMARK [2][-]{subsection.3.4}{Development}{section.3}% 27
\BOOKMARK [2][-]{subsection.3.5}{Unit Testing}{section.3}% 28
\BOOKMARK [2][-]{subsection.3.6}{Integration Testing:}{section.3}% 29
\BOOKMARK [2][-]{subsection.3.7}{Inspection:}{section.3}% 30
\BOOKMARK [1][-]{section.4}{Resources Allocation and Schedule}{}% 31
\BOOKMARK [2][-]{subsection.4.1}{Considerations}{section.4}% 32
\BOOKMARK [1][-]{section.5}{Risks and Management}{}% 33
\BOOKMARK [1][-]{section.6}{Work Hours}{}% 34
